Arguments: 
  C:\Program Files\nodejs\node.exe C:\Program Files\nodejs\node_modules\yarn\bin\yarn.js init

PATH: 
  C:\Users\Miguel\bin;C:\Program Files\Git\mingw64\bin;C:\Program Files\Git\usr\local\bin;C:\Program Files\Git\usr\bin;C:\Program Files\Git\usr\bin;C:\Program Files\Git\mingw64\bin;C:\Program Files\Git\usr\bin;C:\Users\Miguel\bin;C:\Program Files\Common Files\Oracle\Java\javapath;C:\Program Files (x86)\Common Files\Oracle\Java\javapath;C:\Program Files (x86)\Common Files\Intel\Shared Libraries\redist\intel64\compiler;C:\ProgramData\Oracle\Java\javapath;C:\Program Files\AdoptOpenJDK\jdk-11.0.10.9-hotspot\bin;C:\Python39\Scripts;C:\Python39;C:\Windows\system32;C:\Windows;C:\Windows\System32\Wbem;C:\Windows\System32\WindowsPowerShell\v1.0;C:\Windows\System32\OpenSSH;C:\ProgramData\chocolatey\bin;C:\Program Files\dotnet;C:\Program Files\NVIDIA Corporation\NVIDIA NvDLISR;C:\Program Files (x86)\NVIDIA Corporation\PhysX\Common;C:\Users\Miguel\AppData\Roaming\nvm;C:\Program Files\nodejs;C:\Program Files\Java\jdk-11.0.12\bin;C:\Program Files\OpenJDK\openjdk-8u312-b07\bin;C:\Program Files (x86)\Windows Kits\10\Windows Performance Toolkit;C:\Program Files\Java\jdk-11.0.12;C:\Gradle\gradle-6.9.2\bin;C:\Program Files\Git\cmd;C:\Program Files\Docker\Docker\resources\bin;C:\ProgramData\DockerDesktop\version-bin;C:\Users\Miguel\AppData\Local\Microsoft\WindowsApps;D:\Microsoft VS Code\bin;C:\Program Files\MySQL\MySQL Server 8.0\bin;C:\Users\Miguel\AppData\Roaming\npm;C:\Users\Miguel\AppData\Roaming\nvm;C:\Program Files\nodejs;C:\Gradle\gradle-6.9.2\bin;C:\tools\dart-sdk\bin;C:\Users\Miguel\AppData\Roaming\Pub\Cache\bin;C:\Program Files\Git\usr\bin\vendor_perl;C:\Program Files\Git\usr\bin\core_perl

Yarn version: 
  1.22.17

Node version: 
  16.14.1

Platform: 
  win32 x64

Trace: 
  Error: canceled
      at Interface.<anonymous> (C:\Users\Miguel\AppData\Roaming\nvm\v16.14.1\node_modules\yarn\lib\cli.js:137143:13)
      at Interface.emit (node:events:526:28)
      at Interface._ttyWrite (node:readline:1081:16)
      at ReadStream.onkeypress (node:readline:288:10)
      at ReadStream.emit (node:events:526:28)
      at emitKeys (node:internal/readline/utils:358:14)
      at emitKeys.next (<anonymous>)
      at ReadStream.onData (node:internal/readline/emitKeypressEvents:61:36)
      at ReadStream.emit (node:events:526:28)
      at addChunk (node:internal/streams/readable:315:12)

npm manifest: 
  No manifest

yarn manifest: 
  No manifest

Lockfile: 
  No lockfile
